<!-- Test XML RSS for Ghostwriter.hx -->

<feed xmlns:yt="http://www.youtube.com/xml/schemas/2015" xmlns:media="http://search.yahoo.com/mrss/" xmlns="http://www.w3.org/2005/Atom">
  <link rel="self" href="http://www.youtube.com/feeds/videos.xml?channel_id=UCAUfIjiqDX4DoiSaoyIBpDg"></link>
  <id>yt:channel:UCAUfIjiqDX4DoiSaoyIBpDg</id>
  <yt:channelId>UCAUfIjiqDX4DoiSaoyIBpDg</yt:channelId>
  <title>Arbochelli</title>
  <link rel="alternate" href="https://www.youtube.com/channel/UCQyPHw4V7du8Fx-o12_fudw"></link>
  <author>
    <name>Arbochelli</name>
    <uri>https://www.youtube.com/channel/UCQyPHw4V7du8Fx-o12_fudw</uri>
  </author>
  <published>2020-08-02T04:53:42+00:00</published>
  <entry>
    <id>yt:video:99T6F6iqrU0</id>
    <yt:videoId>99T6F6iqrU0</yt:videoId>
    <yt:channelId>UCAUfIjiqDX4DoiSaoyIBpDg</yt:channelId>
    <title>Artist - Test [Bass Tabs/Sheet]</title>
    <link rel="alternate" href="https://www.youtube.com/watch?v=0DQWPDH3ldQ"></link>
    <author>
      <name>Arbochelli</name>
      <uri>https://www.youtube.com/channel/UCAUfIjiqDX4DoiSaoyIBpDg</uri>
    </author>
    <published>2021-03-10T12:00:01+00:00</published>
    <updated>2021-03-11T23:05:13+00:00</updated>
    <media:group>
      <media:title>Artist - Test [Bass Tabs/Sheet]</media:title>
      <media:content url="https://www.youtube.com/v/0DQWPDH3ldQ?version=3" type="application/x-shockwave-flash" width="640" height="390"></media:content>
      <media:thumbnail url="https://i1.ytimg.com/vi/0DQWPDH3ldQ/hqdefault.jpg" width="480" height="360"></media:thumbnail>
      <media:description>Download PDF: https://aa.art.br/archosaur-city-b1
My website: https://arbochelli.me
All sheet music: https://arbochelli.me/blog/posts/

Notes: test notes

#brazil #bass
      </media:description>
      <media:community>
        <media:starRating count="1" average="5.00" min="1" max="5"></media:starRating>
        <media:statistics views="20"></media:statistics>
      </media:community>
    </media:group>
   </entry>
</feed>
